<?xml version="1.0" encoding="UTF-8"?>
<!-- Generated by org.testng.reporters.JUnitXMLReporter -->
<testsuite ignored="0" hostname="DESKTOP-5PF1RA8" failures="1" tests="1" name="Validate Title" time="136.953" errors="0" timestamp="28 Jul 2020 08:38:03 GMT">
  <testcase classname="Project.E2ESeleniumFramework.Validatetitle" name="validatetitle" time="31.558">
    <failure type="java.lang.AssertionError" message="expected [FEATURED COssURSES] but found [FEATURED COURSES]">
      <![CDATA[java.lang.AssertionError: expected [FEATURED COssURSES] but found [FEATURED COURSES]
	at Project.E2ESeleniumFramework.Validatetitle.validatetitle(Validatetitle.java:34)
... Removed 31 stack frames]]>
    </failure>
  </testcase> <!-- validatetitle -->
</testsuite> <!-- Validate Title -->
