<?xml version="1.0" encoding="UTF-8"?>
<testng-results ignored="0" total="1" passed="1" failed="0" skipped="0">
  <reporter-output>
  </reporter-output>
  <suite started-at="2020-07-29T12:44:32Z" name="Default suite" finished-at="2020-07-29T12:44:46Z" duration-ms="13600">
    <groups>
    </groups>
    <test started-at="2020-07-29T12:44:32Z" name="Default test" finished-at="2020-07-29T12:44:46Z" duration-ms="13600">
      <class name="Project.E2ESeleniumFramework.SauceLabsTest">
        <test-method signature="saucetest()[pri:0, instance:Project.E2ESeleniumFramework.SauceLabsTest@29e495ff]" started-at="2020-07-29T12:44:32Z" name="saucetest" finished-at="2020-07-29T12:44:46Z" duration-ms="13576" status="PASS">
          <reporter-output>
          </reporter-output>
        </test-method> <!-- saucetest -->
      </class> <!-- Project.E2ESeleniumFramework.SauceLabsTest -->
    </test> <!-- Default test -->
  </suite> <!-- Default suite -->
</testng-results>
