<?xml version="1.0" encoding="UTF-8"?>
<testng-results ignored="0" total="1" passed="1" failed="0" skipped="0">
  <reporter-output>
  </reporter-output>
  <suite started-at="2020-07-20T07:25:55Z" name="Default suite" finished-at="2020-07-20T07:26:36Z" duration-ms="40833">
    <groups>
    </groups>
    <test started-at="2020-07-20T07:25:55Z" name="Default test" finished-at="2020-07-20T07:26:36Z" duration-ms="40833">
      <class name="Project.E2ESeleniumFramework.Homepage">
        <test-method signature="basePagenavigation()[pri:0, instance:Project.E2ESeleniumFramework.Homepage@305b7c14]" started-at="2020-07-20T12:55:55Z" name="basePagenavigation" finished-at="2020-07-20T12:56:36Z" duration-ms="40817" status="PASS">
          <reporter-output>
          </reporter-output>
        </test-method> <!-- basePagenavigation -->
      </class> <!-- Project.E2ESeleniumFramework.Homepage -->
    </test> <!-- Default test -->
  </suite> <!-- Default suite -->
</testng-results>
